-- PostgreSQL and Extension Version Information
                                                       version                                                       
---------------------------------------------------------------------------------------------------------------------
 PostgreSQL 17.5 (Debian 17.5-1.pgdg120+1) on x86_64-pc-linux-gnu, compiled by gcc (Debian 12.2.0-14) 12.2.0, 64-bit
(1 row)

        name        | default_version | installed_version 
--------------------+-----------------+-------------------
 pg_stat_statements | 1.11            | 1.8
(1 row)


Output format is unaligned.
-- ================================================================================
-- EXTENSION VIEW COLUMN INFORMATION
-- ================================================================================
view_name|columns
pg_stat_statements|userid, dbid, queryid, query, plans, total_plan_time, min_plan_time, max_plan_time, mean_plan_time, stddev_plan_time, calls, total_exec_time, min_exec_time, max_exec_time, mean_exec_time, stddev_exec_time, rows, shared_blks_hit, shared_blks_read, shared_blks_dirtied, shared_blks_written, local_blks_hit, local_blks_read, local_blks_dirtied, local_blks_written, temp_blks_read, temp_blks_written, blk_read_time, blk_write_time, wal_records, wal_fpi, wal_bytes

-- ================================================================================
-- EXTENSION FUNCTION INFORMATION
-- ================================================================================
function_name|function_args|return_type
pg_stat_statements|showtext boolean, OUT userid oid, OUT dbid oid, OUT queryid bigint, OUT query text, OUT plans bigint, OUT total_plan_time double precision, OUT min_plan_time double precision, OUT max_plan_time double precision, OUT mean_plan_time double precision, OUT stddev_plan_time double precision, OUT calls bigint, OUT total_exec_time double precision, OUT min_exec_time double precision, OUT max_exec_time double precision, OUT mean_exec_time double precision, OUT stddev_exec_time double precision, OUT rows bigint, OUT shared_blks_hit bigint, OUT shared_blks_read bigint, OUT shared_blks_dirtied bigint, OUT shared_blks_written bigint, OUT local_blks_hit bigint, OUT local_blks_read bigint, OUT local_blks_dirtied bigint, OUT local_blks_written bigint, OUT temp_blks_read bigint, OUT temp_blks_written bigint, OUT blk_read_time double precision, OUT blk_write_time double precision, OUT wal_records bigint, OUT wal_fpi bigint, OUT wal_bytes numeric|record
pg_stat_statements_reset|userid oid DEFAULT 0, dbid oid DEFAULT 0, queryid bigint DEFAULT 0|void

-- ================================================================================
-- EXTENSION VIEW DEFINITIONS
-- ================================================================================
Field separator is "|
".
view_name|
definition
pg_stat_statements|
 SELECT userid,
    dbid,
    queryid,
    query,
    plans,
    total_plan_time,
    min_plan_time,
    max_plan_time,
    mean_plan_time,
    stddev_plan_time,
    calls,
    total_exec_time,
    min_exec_time,
    max_exec_time,
    mean_exec_time,
    stddev_exec_time,
    rows,
    shared_blks_hit,
    shared_blks_read,
    shared_blks_dirtied,
    shared_blks_written,
    local_blks_hit,
    local_blks_read,
    local_blks_dirtied,
    local_blks_written,
    temp_blks_read,
    temp_blks_written,
    blk_read_time,
    blk_write_time,
    wal_records,
    wal_fpi,
    wal_bytes
   FROM pg_stat_statements(true) pg_stat_statements(userid, dbid, queryid, query, plans, total_plan_time, min_plan_time, max_plan_time, mean_plan_time, stddev_plan_time, calls, total_exec_time, min_exec_time, max_exec_time, mean_exec_time, stddev_exec_time, rows, shared_blks_hit, shared_blks_read, shared_blks_dirtied, shared_blks_written, local_blks_hit, local_blks_read, local_blks_dirtied, local_blks_written, temp_blks_read, temp_blks_written, blk_read_time, blk_write_time, wal_records, wal_fpi, wal_bytes);

-- ================================================================================
-- EXTENSION TABLES AND COLUMNS
-- ================================================================================
table_name|
columns
